C51 COMPILER V9.01   TIMER                                                                 06/25/2021 15:35:34 PAGE 1   


C51 COMPILER V9.01, COMPILATION OF MODULE TIMER
OBJECT MODULE PLACED IN .\OBJ\timer.obj
COMPILER INVOKED BY: D:\keil 4.0\C51\BIN\C51.EXE src\timer.c BROWSE INCDIR(.\include) DEBUG OBJECTEXTEND PRINT(.\timer.l
                    -st) OBJECT(.\OBJ\timer.obj)

line level    source

   1          #include"timer.h"
   2          
   3          timer_desc t_event[TEVENT];
   4          uchar T_H = (uint)(65536 - time_t/ft) / 256;
   5          uchar T_L = (uint)(65536 - time_t/ft) % 256;
   6          
   7          uint times = 1;  // T = times * time_t ms
   8          uchar time_count = 1;
   9          
  10          static void timer0_handle()
  11          {
  12   1              int i;
  13   1              for(i = 0; i < TEVENT; i++)
  14   1              {
  15   2                      if(t_event[i].fp)
  16   2                      {
  17   3                              t_event[i].fp();
  18   3                      }
  19   2              }
  20   1      }
  21          
  22          // time : ms 50µÄ±¶Êý
  23          void timer0_init(uint time)
  24          {
  25   1              times = time / time_t;
  26   1              EA      = 1;
  27   1              ET0 = 1;
  28   1              TMOD = 0x01;
  29   1              TH0 = T_H;  // 50ms
  30   1              TL0 = T_L;
  31   1              TR0 = 1;
  32   1      }
  33          
  34          void set_time(uint time)
  35          {
  36   1              times = time / time_t;
  37   1              time_count = 0;
  38   1      }
  39          
  40          int tevent_register(char * name, ptimer fp)
  41          {
  42   1              int i;
  43   1              for(i = 0; i < TEVENT; i++)
  44   1              {
  45   2                      if(!t_event[i].fp)
  46   2                      {
  47   3                              t_event[i].fp = fp;
  48   3                              t_event[i].name = name;
  49   3                              return 0;
  50   3                      }
  51   2              }
  52   1              return -1;
  53   1      }
  54          
C51 COMPILER V9.01   TIMER                                                                 06/25/2021 15:35:34 PAGE 2   

  55          void time() interrupt 1
  56          {
  57   1              TH0 = T_H;
  58   1              TL0 = T_L;
  59   1              if(time_count >= times)
  60   1              {
  61   2                      time_count = 1;
  62   2      
  63   2                      timer0_handle();
  64   2              }
  65   1              else
  66   1              {
  67   2                      time_count++;
  68   2              }
  69   1      }


MODULE INFORMATION:   STATIC OVERLAYABLE
   CODE SIZE        =    275    ----
   CONSTANT SIZE    =   ----    ----
   XDATA SIZE       =   ----    ----
   PDATA SIZE       =   ----    ----
   DATA SIZE        =     23       8
   IDATA SIZE       =   ----    ----
   BIT SIZE         =   ----    ----
END OF MODULE INFORMATION.


C51 COMPILATION COMPLETE.  0 WARNING(S),  0 ERROR(S)
