C51 COMPILER V9.01   PT100                                                                 06/28/2021 00:00:08 PAGE 1   


C51 COMPILER V9.01, COMPILATION OF MODULE PT100
OBJECT MODULE PLACED IN .\OBJ\pt100.obj
COMPILER INVOKED BY: D:\keil 4.0\C51\BIN\C51.EXE src\pt100.c BROWSE INCDIR(.\include) DEBUG OBJECTEXTEND PRINT(.\pt100.l
                    -st) OBJECT(.\OBJ\pt100.obj)

line level    source

   1          #include "pt100.h"
   2          
   3          bit ng;
   4          
   5          float calc_pt100res(uint u_out)
   6          {
   7   1              return u_out / K / I;
   8   1      }
   9          
  10          uint median(uint* dat, uchar num_d)  //需要排序的数组
  11          { 
  12   1              uchar i,j;
  13   1              uint temp;
  14   1      
  15   1              for(i=0;i<num_d;i++) //采用冒泡法对采样温度进行排序
  16   1              {
  17   2                  for(j=0;j<i;j++)
  18   2                      {
  19   3                          if(*(dat+i)>*(dat+j))
  20   3                              {
  21   4                                  temp=*(dat+i);        //交换两值  从大到小排
  22   4                                      *(dat+i)=*(dat+j);
  23   4                                      *(dat+j)=temp;
  24   4                              }
  25   3                      }
  26   2              }
  27   1      
  28   1              return dat[(num_d-1)/2];
  29   1      }
  30          
  31          float temperature(uint* u_out, uchar num) 
  32          { 
  33   1          float temp1, T_out; 
  34   1          uint temp2; 
  35   1      
  36   1              temp1 = median(u_out, num);
  37   1              temp1 = calc_pt100res(temp1); //计算Pt100阻值 
  38   1              temp2 = (uint)temp1; //取Pt100阻值高位
  39   1              
  40   1              if(temp2<100){ng=1;}else{ng=0;}//负温度  
  41   1              if(temp2<96) T_out=777;    //小于-10℃ 
  42   1              else if(temp2<100) T_out=255.1239-2.5511*temp1; //若阻值在小于0℃到负20℃之间 
  43   1              else if(temp2<112) T_out=2.5703*temp1-257.0501; //若阻值在0℃~30℃之间 
  44   1              else if(temp2<123) T_out=2.5935*temp1-259.6416; //若阻值在30℃~60℃之间 
  45   1              else if(temp2<135) T_out=2.6171*temp1-262.5538; //若阻值在60℃~90℃之间 
  46   1              else if(temp2<139) T_out=2.6412*temp1-265.7953; //若阻值在90℃~120℃(146.06)之间   100℃(138.5)
  47   1              else if(temp2>=139) T_out=2.6412*temp1-265.7953;; //若阻值在大于100℃之间        */
  48   1      
  49   1          return(T_out); 
  50   1      }
  51          
  52          bit get_sign()
  53          {
  54   1              return ng;
C51 COMPILER V9.01   PT100                                                                 06/28/2021 00:00:08 PAGE 2   

  55   1      }


MODULE INFORMATION:   STATIC OVERLAYABLE
   CODE SIZE        =    572    ----
   CONSTANT SIZE    =   ----    ----
   XDATA SIZE       =   ----    ----
   PDATA SIZE       =   ----    ----
   DATA SIZE        =   ----      18
   IDATA SIZE       =   ----    ----
   BIT SIZE         =      1    ----
END OF MODULE INFORMATION.


C51 COMPILATION COMPLETE.  0 WARNING(S),  0 ERROR(S)
